<?xml version="1.0" encoding="UTF-8"?>
<coverage generated="1560898347832" clover="3.2.0">
  <project timestamp="1560898347832" name="All files">
    <metrics statements="5" coveredstatements="5" conditionals="0" coveredconditionals="0" methods="0" coveredmethods="0" elements="5" coveredelements="5" complexity="0" loc="5" ncloc="5" packages="4" files="4" classes="4">
      <package name="src.components">
        <metrics statements="1" coveredstatements="1" conditionals="0" coveredconditionals="0" methods="0" coveredmethods="0"/>
        <file name="UserSearchForm.vue" path="/Users/mariab/Work/tdd-app/src/components/UserSearchForm.vue">
          <metrics statements="1" coveredstatements="1" conditionals="0" coveredconditionals="0" methods="0" coveredmethods="0"/>
          <line num="21" count="6" type="stmt"/>
        </file>
      </package>
      <package name="src.store">
        <metrics statements="0" coveredstatements="0" conditionals="0" coveredconditionals="0" methods="0" coveredmethods="0"/>
        <file name="state.js" path="/Users/mariab/Work/tdd-app/src/store/state.js">
          <metrics statements="0" coveredstatements="0" conditionals="0" coveredconditionals="0" methods="0" coveredmethods="0"/>
        </file>
      </package>
      <package name="src.views">
        <metrics statements="4" coveredstatements="4" conditionals="0" coveredconditionals="0" methods="0" coveredmethods="0"/>
        <file name="UserView.vue" path="/Users/mariab/Work/tdd-app/src/views/UserView.vue">
          <metrics statements="4" coveredstatements="4" conditionals="0" coveredconditionals="0" methods="0" coveredmethods="0"/>
          <line num="10" count="1" type="stmt"/>
          <line num="11" count="1" type="stmt"/>
          <line num="12" count="1" type="stmt"/>
          <line num="27" count="1" type="stmt"/>
        </file>
      </package>
      <package name="tests.unit.fixtures">
        <metrics statements="0" coveredstatements="0" conditionals="0" coveredconditionals="0" methods="0" coveredmethods="0"/>
        <file name="user.js" path="/Users/mariab/Work/tdd-app/tests/unit/fixtures/user.js">
          <metrics statements="0" coveredstatements="0" conditionals="0" coveredconditionals="0" methods="0" coveredmethods="0"/>
        </file>
      </package>
    </metrics>
  </project>
</coverage>
