{"/Users/mariab/Work/tdd-app/src/components/UserSearchForm.vue": {"path":"/Users/mariab/Work/tdd-app/src/components/UserSearchForm.vue","statementMap":{"0":{"start":{"line":21,"column":0},"end":{"line":null,"column":-1}}},"fnMap":{},"branchMap":{},"s":{"0":6},"f":{},"b":{}}
,"/Users/mariab/Work/tdd-app/src/store/state.js": {"path":"/Users/mariab/Work/tdd-app/src/store/state.js","statementMap":{},"fnMap":{},"branchMap":{},"s":{},"f":{},"b":{},"_coverageSchema":"332fd63041d2c1bcb487cc26dd0d5f7d97098a6c","hash":"d59fe664100777030974ef6e98fb36e7306c78c9"}
,"/Users/mariab/Work/tdd-app/src/views/UserView.vue": {"path":"/Users/mariab/Work/tdd-app/src/views/UserView.vue","statementMap":{"0":{"start":{"line":10,"column":0},"end":{"line":null,"column":-1}},"1":{"start":{"line":11,"column":0},"end":{"line":null,"column":-1}},"2":{"start":{"line":12,"column":0},"end":{"line":null,"column":-1}},"3":{"start":{"line":27,"column":0},"end":{"line":null,"column":-1}}},"fnMap":{},"branchMap":{},"s":{"0":1,"1":1,"2":1,"3":1},"f":{},"b":{}}
,"/Users/mariab/Work/tdd-app/tests/unit/fixtures/user.js": {"path":"/Users/mariab/Work/tdd-app/tests/unit/fixtures/user.js","statementMap":{},"fnMap":{},"branchMap":{},"s":{},"f":{},"b":{},"_coverageSchema":"332fd63041d2c1bcb487cc26dd0d5f7d97098a6c","hash":"a7fb4db8e81284672f28759e263f42d24589b86e"}
}
